<?xml version="1.0" encoding="UTF-8"?>
<testsuite xmlns:xsi="http://www.w3.org/2001/XMLSchema-instance" xsi:noNamespaceSchemaLocation="https://maven.apache.org/surefire/maven-surefire-plugin/xsd/surefire-test-report-3.0.xsd" version="3.0" name="com.mycompany.email.EmailTest" time="0.05" tests="8" errors="0" skipped="0" failures="0">
  <properties>
[...]
</properties>
  <testcase name="testEmailNull" classname="com.mycompany.email.EmailTest" time="0.021"/>
  <testcase name="testExtensionInvalido" classname="com.mycompany.email.EmailTest" time="0.002"/>
  <testcase name="testMain" classname="com.mycompany.email.EmailTest" time="0.001"/>
  <testcase name="testEmailTamanoMayor" classname="com.mycompany.email.EmailTest" time="0.0"/>
  <testcase name="testEmailVacio" classname="com.mycompany.email.EmailTest" time="0.0"/>
  <testcase name="testEmailTamano" classname="com.mycompany.email.EmailTest" time="0.0"/>
  <testcase name="testEmailValido" classname="com.mycompany.email.EmailTest" time="0.001"/>
  <testcase name="testDominioInvalido" classname="com.mycompany.email.EmailTest" time="0.0"/>
</testsuite>